mode: set
github.com/shahinm95/bookings/internal/render/render.go:21.40,23.2 1 1
github.com/shahinm95/bookings/internal/render/render.go:25.84,31.2 5 1
github.com/shahinm95/bookings/internal/render/render.go:34.105,37.18 2 1
github.com/shahinm95/bookings/internal/render/render.go:37.18,40.3 1 0
github.com/shahinm95/bookings/internal/render/render.go:40.8,42.3 1 1
github.com/shahinm95/bookings/internal/render/render.go:44.2,45.9 2 1
github.com/shahinm95/bookings/internal/render/render.go:45.9,47.4 1 1
github.com/shahinm95/bookings/internal/render/render.go:49.2,56.16 5 1
github.com/shahinm95/bookings/internal/render/render.go:56.16,59.3 2 0
github.com/shahinm95/bookings/internal/render/render.go:60.2,60.12 1 1
github.com/shahinm95/bookings/internal/render/render.go:64.67,69.16 3 1
github.com/shahinm95/bookings/internal/render/render.go:69.16,71.3 1 0
github.com/shahinm95/bookings/internal/render/render.go:73.2,73.29 1 1
github.com/shahinm95/bookings/internal/render/render.go:73.29,76.17 3 1
github.com/shahinm95/bookings/internal/render/render.go:76.17,78.4 1 0
github.com/shahinm95/bookings/internal/render/render.go:80.3,81.17 2 1
github.com/shahinm95/bookings/internal/render/render.go:81.17,83.4 1 0
github.com/shahinm95/bookings/internal/render/render.go:85.3,85.23 1 1
github.com/shahinm95/bookings/internal/render/render.go:85.23,87.18 2 1
github.com/shahinm95/bookings/internal/render/render.go:87.18,89.5 1 0
github.com/shahinm95/bookings/internal/render/render.go:92.3,92.21 1 1
github.com/shahinm95/bookings/internal/render/render.go:95.2,95.21 1 1
