mode: set
github.com/shahinm95/bookings/internal/handlers/handlers.go:31.62,36.2 1 0
github.com/shahinm95/bookings/internal/handlers/handlers.go:39.51,44.2 1 1
github.com/shahinm95/bookings/internal/handlers/handlers.go:47.33,49.2 1 1
github.com/shahinm95/bookings/internal/handlers/handlers.go:52.67,54.2 1 1
github.com/shahinm95/bookings/internal/handlers/handlers.go:57.68,61.2 1 1
github.com/shahinm95/bookings/internal/handlers/handlers.go:64.74,66.9 2 1
github.com/shahinm95/bookings/internal/handlers/handlers.go:66.9,70.3 3 1
github.com/shahinm95/bookings/internal/handlers/handlers.go:72.2,73.16 2 1
github.com/shahinm95/bookings/internal/handlers/handlers.go:73.16,77.3 3 1
github.com/shahinm95/bookings/internal/handlers/handlers.go:78.2,95.4 10 1
github.com/shahinm95/bookings/internal/handlers/handlers.go:99.78,101.16 2 1
github.com/shahinm95/bookings/internal/handlers/handlers.go:101.16,105.3 3 1
github.com/shahinm95/bookings/internal/handlers/handlers.go:107.2,115.16 5 1
github.com/shahinm95/bookings/internal/handlers/handlers.go:115.16,119.3 3 1
github.com/shahinm95/bookings/internal/handlers/handlers.go:121.2,122.16 2 1
github.com/shahinm95/bookings/internal/handlers/handlers.go:122.16,126.3 3 1
github.com/shahinm95/bookings/internal/handlers/handlers.go:128.2,129.16 2 1
github.com/shahinm95/bookings/internal/handlers/handlers.go:129.16,133.3 3 1
github.com/shahinm95/bookings/internal/handlers/handlers.go:135.2,151.19 6 1
github.com/shahinm95/bookings/internal/handlers/handlers.go:151.19,160.3 5 1
github.com/shahinm95/bookings/internal/handlers/handlers.go:162.2,163.16 2 1
github.com/shahinm95/bookings/internal/handlers/handlers.go:163.16,167.3 3 1
github.com/shahinm95/bookings/internal/handlers/handlers.go:169.2,178.16 3 1
github.com/shahinm95/bookings/internal/handlers/handlers.go:178.16,182.3 3 1
github.com/shahinm95/bookings/internal/handlers/handlers.go:184.2,186.66 2 1
github.com/shahinm95/bookings/internal/handlers/handlers.go:191.81,193.9 2 1
github.com/shahinm95/bookings/internal/handlers/handlers.go:193.9,198.3 4 1
github.com/shahinm95/bookings/internal/handlers/handlers.go:200.2,212.4 9 1
github.com/shahinm95/bookings/internal/handlers/handlers.go:216.71,218.2 1 1
github.com/shahinm95/bookings/internal/handlers/handlers.go:221.69,223.2 1 1
github.com/shahinm95/bookings/internal/handlers/handlers.go:226.75,228.2 1 1
github.com/shahinm95/bookings/internal/handlers/handlers.go:231.79,238.16 5 0
github.com/shahinm95/bookings/internal/handlers/handlers.go:238.16,241.3 2 0
github.com/shahinm95/bookings/internal/handlers/handlers.go:242.2,243.16 2 0
github.com/shahinm95/bookings/internal/handlers/handlers.go:243.16,246.3 2 0
github.com/shahinm95/bookings/internal/handlers/handlers.go:248.2,249.16 2 0
github.com/shahinm95/bookings/internal/handlers/handlers.go:249.16,252.3 2 0
github.com/shahinm95/bookings/internal/handlers/handlers.go:254.2,254.26 1 0
github.com/shahinm95/bookings/internal/handlers/handlers.go:254.26,256.3 1 0
github.com/shahinm95/bookings/internal/handlers/handlers.go:257.2,257.21 1 0
github.com/shahinm95/bookings/internal/handlers/handlers.go:257.21,261.3 3 0
github.com/shahinm95/bookings/internal/handlers/handlers.go:262.2,274.4 5 0
github.com/shahinm95/bookings/internal/handlers/handlers.go:286.79,291.16 5 0
github.com/shahinm95/bookings/internal/handlers/handlers.go:291.16,294.3 2 0
github.com/shahinm95/bookings/internal/handlers/handlers.go:295.2,296.16 2 0
github.com/shahinm95/bookings/internal/handlers/handlers.go:296.16,299.3 2 0
github.com/shahinm95/bookings/internal/handlers/handlers.go:301.2,302.16 2 0
github.com/shahinm95/bookings/internal/handlers/handlers.go:302.16,305.3 2 0
github.com/shahinm95/bookings/internal/handlers/handlers.go:307.2,308.16 2 0
github.com/shahinm95/bookings/internal/handlers/handlers.go:308.16,311.3 2 0
github.com/shahinm95/bookings/internal/handlers/handlers.go:313.2,321.16 3 0
github.com/shahinm95/bookings/internal/handlers/handlers.go:321.16,324.3 2 0
github.com/shahinm95/bookings/internal/handlers/handlers.go:325.2,326.18 2 0
github.com/shahinm95/bookings/internal/handlers/handlers.go:330.70,332.2 1 1
github.com/shahinm95/bookings/internal/handlers/handlers.go:335.73,337.16 2 0
github.com/shahinm95/bookings/internal/handlers/handlers.go:337.16,340.3 2 0
github.com/shahinm95/bookings/internal/handlers/handlers.go:342.2,343.9 2 0
github.com/shahinm95/bookings/internal/handlers/handlers.go:343.9,345.3 1 0
github.com/shahinm95/bookings/internal/handlers/handlers.go:347.2,350.63 3 0
github.com/shahinm95/bookings/internal/handlers/handlers.go:355.71,357.16 2 0
github.com/shahinm95/bookings/internal/handlers/handlers.go:357.16,359.3 1 0
github.com/shahinm95/bookings/internal/handlers/handlers.go:360.2,365.16 5 0
github.com/shahinm95/bookings/internal/handlers/handlers.go:365.16,368.3 2 0
github.com/shahinm95/bookings/internal/handlers/handlers.go:369.2,370.16 2 0
github.com/shahinm95/bookings/internal/handlers/handlers.go:370.16,373.3 2 0
github.com/shahinm95/bookings/internal/handlers/handlers.go:375.2,376.16 2 0
github.com/shahinm95/bookings/internal/handlers/handlers.go:376.16,379.3 2 0
github.com/shahinm95/bookings/internal/handlers/handlers.go:381.2,389.63 7 0
