mode: set
github.com/shahinm95/bookings/internal/handlers/handlers.go:33.62,38.2 1 1
github.com/shahinm95/bookings/internal/handlers/handlers.go:41.51,46.2 1 1
github.com/shahinm95/bookings/internal/handlers/handlers.go:49.33,51.2 1 1
github.com/shahinm95/bookings/internal/handlers/handlers.go:54.67,56.2 1 1
github.com/shahinm95/bookings/internal/handlers/handlers.go:59.68,62.2 1 1
github.com/shahinm95/bookings/internal/handlers/handlers.go:65.74,67.9 2 1
github.com/shahinm95/bookings/internal/handlers/handlers.go:67.9,71.3 3 1
github.com/shahinm95/bookings/internal/handlers/handlers.go:73.2,74.16 2 1
github.com/shahinm95/bookings/internal/handlers/handlers.go:74.16,78.3 3 1
github.com/shahinm95/bookings/internal/handlers/handlers.go:80.2,98.4 10 1
github.com/shahinm95/bookings/internal/handlers/handlers.go:102.78,104.16 2 1
github.com/shahinm95/bookings/internal/handlers/handlers.go:104.16,108.3 3 1
github.com/shahinm95/bookings/internal/handlers/handlers.go:110.2,118.16 5 1
github.com/shahinm95/bookings/internal/handlers/handlers.go:118.16,122.3 3 1
github.com/shahinm95/bookings/internal/handlers/handlers.go:124.2,125.16 2 1
github.com/shahinm95/bookings/internal/handlers/handlers.go:125.16,129.3 3 1
github.com/shahinm95/bookings/internal/handlers/handlers.go:131.2,132.16 2 1
github.com/shahinm95/bookings/internal/handlers/handlers.go:132.16,136.3 3 1
github.com/shahinm95/bookings/internal/handlers/handlers.go:138.2,154.19 6 1
github.com/shahinm95/bookings/internal/handlers/handlers.go:154.19,163.3 5 1
github.com/shahinm95/bookings/internal/handlers/handlers.go:165.2,166.16 2 1
github.com/shahinm95/bookings/internal/handlers/handlers.go:166.16,170.3 3 1
github.com/shahinm95/bookings/internal/handlers/handlers.go:172.2,181.16 3 1
github.com/shahinm95/bookings/internal/handlers/handlers.go:181.16,185.3 3 1
github.com/shahinm95/bookings/internal/handlers/handlers.go:188.2,222.66 8 1
github.com/shahinm95/bookings/internal/handlers/handlers.go:227.71,229.2 1 1
github.com/shahinm95/bookings/internal/handlers/handlers.go:232.69,234.2 1 1
github.com/shahinm95/bookings/internal/handlers/handlers.go:237.75,239.2 1 1
github.com/shahinm95/bookings/internal/handlers/handlers.go:242.79,244.16 2 1
github.com/shahinm95/bookings/internal/handlers/handlers.go:244.16,248.3 3 1
github.com/shahinm95/bookings/internal/handlers/handlers.go:250.2,255.16 5 1
github.com/shahinm95/bookings/internal/handlers/handlers.go:255.16,259.3 3 1
github.com/shahinm95/bookings/internal/handlers/handlers.go:260.2,261.16 2 1
github.com/shahinm95/bookings/internal/handlers/handlers.go:261.16,265.3 3 1
github.com/shahinm95/bookings/internal/handlers/handlers.go:267.2,268.16 2 1
github.com/shahinm95/bookings/internal/handlers/handlers.go:268.16,272.3 3 1
github.com/shahinm95/bookings/internal/handlers/handlers.go:274.2,274.21 1 1
github.com/shahinm95/bookings/internal/handlers/handlers.go:274.21,279.3 3 1
github.com/shahinm95/bookings/internal/handlers/handlers.go:281.2,293.4 5 1
github.com/shahinm95/bookings/internal/handlers/handlers.go:305.79,308.16 2 1
github.com/shahinm95/bookings/internal/handlers/handlers.go:308.16,319.3 5 1
github.com/shahinm95/bookings/internal/handlers/handlers.go:321.2,331.16 8 1
github.com/shahinm95/bookings/internal/handlers/handlers.go:331.16,342.3 5 1
github.com/shahinm95/bookings/internal/handlers/handlers.go:343.2,356.14 4 1
github.com/shahinm95/bookings/internal/handlers/handlers.go:361.70,363.2 1 1
github.com/shahinm95/bookings/internal/handlers/handlers.go:366.81,368.9 2 1
github.com/shahinm95/bookings/internal/handlers/handlers.go:368.9,372.3 3 1
github.com/shahinm95/bookings/internal/handlers/handlers.go:374.2,388.4 9 1
github.com/shahinm95/bookings/internal/handlers/handlers.go:392.73,406.16 3 1
github.com/shahinm95/bookings/internal/handlers/handlers.go:406.16,410.3 3 1
github.com/shahinm95/bookings/internal/handlers/handlers.go:412.2,413.9 2 1
github.com/shahinm95/bookings/internal/handlers/handlers.go:413.9,417.3 3 1
github.com/shahinm95/bookings/internal/handlers/handlers.go:419.2,423.63 3 1
github.com/shahinm95/bookings/internal/handlers/handlers.go:428.71,440.16 9 1
github.com/shahinm95/bookings/internal/handlers/handlers.go:440.16,444.3 3 1
github.com/shahinm95/bookings/internal/handlers/handlers.go:446.2,453.63 6 1
github.com/shahinm95/bookings/internal/handlers/handlers.go:457.72,462.2 1 0
github.com/shahinm95/bookings/internal/handlers/handlers.go:465.76,469.16 3 0
github.com/shahinm95/bookings/internal/handlers/handlers.go:469.16,471.3 1 0
github.com/shahinm95/bookings/internal/handlers/handlers.go:473.2,479.19 6 0
github.com/shahinm95/bookings/internal/handlers/handlers.go:479.19,485.3 2 0
github.com/shahinm95/bookings/internal/handlers/handlers.go:487.2,488.16 2 0
github.com/shahinm95/bookings/internal/handlers/handlers.go:488.16,493.3 4 0
github.com/shahinm95/bookings/internal/handlers/handlers.go:494.2,496.47 3 0
github.com/shahinm95/bookings/internal/handlers/handlers.go:501.69,507.2 4 0
github.com/shahinm95/bookings/internal/handlers/handlers.go:509.77,511.2 1 0
github.com/shahinm95/bookings/internal/handlers/handlers.go:514.83,516.16 2 0
github.com/shahinm95/bookings/internal/handlers/handlers.go:516.16,518.3 1 0
github.com/shahinm95/bookings/internal/handlers/handlers.go:519.2,523.4 3 0
github.com/shahinm95/bookings/internal/handlers/handlers.go:527.83,529.16 2 0
github.com/shahinm95/bookings/internal/handlers/handlers.go:529.16,531.3 1 0
github.com/shahinm95/bookings/internal/handlers/handlers.go:532.2,536.4 3 0
github.com/shahinm95/bookings/internal/handlers/handlers.go:540.83,543.16 3 0
github.com/shahinm95/bookings/internal/handlers/handlers.go:543.16,546.3 2 0
github.com/shahinm95/bookings/internal/handlers/handlers.go:547.2,548.16 2 0
github.com/shahinm95/bookings/internal/handlers/handlers.go:548.16,551.3 2 0
github.com/shahinm95/bookings/internal/handlers/handlers.go:552.2,569.4 10 0
github.com/shahinm95/bookings/internal/handlers/handlers.go:573.87,581.16 6 0
github.com/shahinm95/bookings/internal/handlers/handlers.go:581.16,584.3 2 0
github.com/shahinm95/bookings/internal/handlers/handlers.go:585.2,586.16 2 0
github.com/shahinm95/bookings/internal/handlers/handlers.go:586.16,589.3 2 0
github.com/shahinm95/bookings/internal/handlers/handlers.go:591.2,592.16 2 0
github.com/shahinm95/bookings/internal/handlers/handlers.go:592.16,595.3 2 0
github.com/shahinm95/bookings/internal/handlers/handlers.go:597.2,603.16 6 0
github.com/shahinm95/bookings/internal/handlers/handlers.go:603.16,606.3 2 0
github.com/shahinm95/bookings/internal/handlers/handlers.go:608.2,613.16 4 0
github.com/shahinm95/bookings/internal/handlers/handlers.go:613.16,616.3 1 0
github.com/shahinm95/bookings/internal/handlers/handlers.go:616.8,618.3 1 0
github.com/shahinm95/bookings/internal/handlers/handlers.go:622.88,625.34 2 0
github.com/shahinm95/bookings/internal/handlers/handlers.go:625.34,627.17 2 0
github.com/shahinm95/bookings/internal/handlers/handlers.go:627.17,630.4 2 0
github.com/shahinm95/bookings/internal/handlers/handlers.go:631.3,632.17 2 0
github.com/shahinm95/bookings/internal/handlers/handlers.go:632.17,635.4 2 0
github.com/shahinm95/bookings/internal/handlers/handlers.go:636.3,636.68 1 0
github.com/shahinm95/bookings/internal/handlers/handlers.go:638.2,668.16 23 0
github.com/shahinm95/bookings/internal/handlers/handlers.go:668.16,671.3 2 0
github.com/shahinm95/bookings/internal/handlers/handlers.go:672.2,674.26 2 0
github.com/shahinm95/bookings/internal/handlers/handlers.go:674.26,679.72 3 0
github.com/shahinm95/bookings/internal/handlers/handlers.go:679.72,682.4 2 0
github.com/shahinm95/bookings/internal/handlers/handlers.go:684.3,685.17 2 0
github.com/shahinm95/bookings/internal/handlers/handlers.go:685.17,688.4 2 0
github.com/shahinm95/bookings/internal/handlers/handlers.go:689.3,689.34 1 0
github.com/shahinm95/bookings/internal/handlers/handlers.go:689.34,690.27 1 0
github.com/shahinm95/bookings/internal/handlers/handlers.go:690.27,692.71 1 0
github.com/shahinm95/bookings/internal/handlers/handlers.go:692.71,694.6 1 0
github.com/shahinm95/bookings/internal/handlers/handlers.go:695.10,698.5 1 0
github.com/shahinm95/bookings/internal/handlers/handlers.go:700.3,702.78 3 0
github.com/shahinm95/bookings/internal/handlers/handlers.go:705.2,709.4 1 0
github.com/shahinm95/bookings/internal/handlers/handlers.go:713.92,715.16 2 0
github.com/shahinm95/bookings/internal/handlers/handlers.go:715.16,718.3 2 0
github.com/shahinm95/bookings/internal/handlers/handlers.go:719.2,724.16 4 0
github.com/shahinm95/bookings/internal/handlers/handlers.go:724.16,727.3 2 0
github.com/shahinm95/bookings/internal/handlers/handlers.go:728.2,730.26 2 0
github.com/shahinm95/bookings/internal/handlers/handlers.go:730.26,734.35 2 0
github.com/shahinm95/bookings/internal/handlers/handlers.go:734.35,736.35 1 0
github.com/shahinm95/bookings/internal/handlers/handlers.go:736.35,739.16 1 0
github.com/shahinm95/bookings/internal/handlers/handlers.go:739.16,740.69 1 0
github.com/shahinm95/bookings/internal/handlers/handlers.go:740.69,743.21 2 0
github.com/shahinm95/bookings/internal/handlers/handlers.go:743.21,746.8 2 0
github.com/shahinm95/bookings/internal/handlers/handlers.go:754.2,754.34 1 0
github.com/shahinm95/bookings/internal/handlers/handlers.go:754.34,755.43 1 0
github.com/shahinm95/bookings/internal/handlers/handlers.go:755.43,761.18 5 0
github.com/shahinm95/bookings/internal/handlers/handlers.go:761.18,765.5 3 0
github.com/shahinm95/bookings/internal/handlers/handlers.go:769.2,770.110 2 0
github.com/shahinm95/bookings/internal/handlers/handlers.go:775.86,777.16 2 0
github.com/shahinm95/bookings/internal/handlers/handlers.go:777.16,780.3 2 0
github.com/shahinm95/bookings/internal/handlers/handlers.go:781.2,784.16 3 0
github.com/shahinm95/bookings/internal/handlers/handlers.go:784.16,787.3 2 0
github.com/shahinm95/bookings/internal/handlers/handlers.go:789.2,794.16 4 0
github.com/shahinm95/bookings/internal/handlers/handlers.go:794.16,796.3 1 0
github.com/shahinm95/bookings/internal/handlers/handlers.go:796.8,798.3 1 0
github.com/shahinm95/bookings/internal/handlers/handlers.go:803.85,805.16 2 0
github.com/shahinm95/bookings/internal/handlers/handlers.go:805.16,808.3 2 0
github.com/shahinm95/bookings/internal/handlers/handlers.go:809.2,812.16 3 0
github.com/shahinm95/bookings/internal/handlers/handlers.go:812.16,815.3 2 0
github.com/shahinm95/bookings/internal/handlers/handlers.go:816.2,821.16 4 0
github.com/shahinm95/bookings/internal/handlers/handlers.go:821.16,823.3 1 0
github.com/shahinm95/bookings/internal/handlers/handlers.go:823.8,825.3 1 0
